This file contains any messages produced by compilers while
running configure, to aid debugging if configure makes a mistake.

It was created by RtAudio configure 5.2.0, which was
generated by GNU Autoconf 2.71.  Invocation command line was

  $ ./configure

## --------- ##
## Platform. ##
## --------- ##

hostname = MacBook-Pro-de-Julien.local
uname -m = x86_64
uname -r = 20.6.0
uname -s = Darwin
uname -v = Darwin Kernel Version 20.6.0: Mon Aug 30 06:12:21 PDT 2021; root:xnu-7195.141.6~3/RELEASE_X86_64

/usr/bin/uname -p = i386
/bin/uname -X     = unknown

/bin/arch              = unknown
/usr/bin/arch -k       = unknown
/usr/convex/getsysinfo = unknown
/usr/bin/hostinfo      = Mach kernel version:
	 Darwin Kernel Version 20.6.0: Mon Aug 30 06:12:21 PDT 2021; root:xnu-7195.141.6~3/RELEASE_X86_64
Kernel configured for up to 4 processors.
2 processors are physically available.
4 processors are logically available.
Processor type: x86_64h (Intel x86-64h Haswell)
Processors active: 0 1 2 3
Primary memory available: 8.00 gigabytes
Default processor set: 418 tasks, 1512 threads, 4 processors
Load average: 2.00, Mach factor: 1.99
/bin/machine           = unknown
/usr/bin/oslevel       = unknown
/bin/universe          = unknown

PATH: /opt/anaconda3/bin/
PATH: /opt/anaconda3/condabin/
PATH: /usr/local/bin/
PATH: /usr/bin/
PATH: /bin/
PATH: /usr/sbin/
PATH: /sbin/


## ----------- ##
## Core tests. ##
## ----------- ##

configure:2798: looking for aux files: config.guess config.sub ltmain.sh compile ar-lib missing install-sh
configure:2811:  trying ./config/
configure:2840:   ./config/config.guess found
configure:2840:   ./config/config.sub found
configure:2840:   ./config/ltmain.sh found
configure:2840:   ./config/compile found
configure:2840:   ./config/ar-lib found
configure:2840:   ./config/missing found
configure:2822:   ./config/install-sh found
configure:2973: checking for a BSD-compatible install
configure:3046: result: /usr/bin/install -c
configure:3057: checking whether build environment is sane
configure:3112: result: yes
configure:3271: checking for a race-free mkdir -p
configure:3315: result: ./config/install-sh -c -d
configure:3322: checking for gawk
configure:3357: result: no
configure:3322: checking for mawk
configure:3357: result: no
configure:3322: checking for nawk
configure:3357: result: no
configure:3322: checking for awk
configure:3343: found /usr/bin/awk
configure:3354: result: awk
configure:3365: checking whether make sets $(MAKE)
configure:3388: result: yes
configure:3418: checking whether make supports nested variables
configure:3436: result: yes
configure:3685: checking whether make supports the include directive
configure:3700: make -f confmf.GNU && cat confinc.out
this is the am__doit target
configure:3703: $? = 0
configure:3722: result: yes (GNU style)
configure:3808: checking for g++
configure:3829: found /usr/bin/g++
configure:3840: result: g++
configure:3867: checking for C++ compiler version
configure:3876: g++ --version >&5
Apple clang version 13.0.0 (clang-1300.0.29.3)
Target: x86_64-apple-darwin20.6.0
Thread model: posix
InstalledDir: /Library/Developer/CommandLineTools/usr/bin
Configured with: --prefix=/Library/Developer/CommandLineTools/usr --with-gxx-include-dir=/Library/Developer/CommandLineTools/SDKs/MacOSX.sdk/usr/include/c++/4.2.1
configure:3887: $? = 0
configure:3876: g++ -v >&5
Configured with: --prefix=/Library/Developer/CommandLineTools/usr --with-gxx-include-dir=/Library/Developer/CommandLineTools/SDKs/MacOSX.sdk/usr/include/c++/4.2.1
Apple clang version 13.0.0 (clang-1300.0.29.3)
Target: x86_64-apple-darwin20.6.0
Thread model: posix
InstalledDir: /Library/Developer/CommandLineTools/usr/bin
configure:3887: $? = 0
configure:3876: g++ -V >&5
clang: error: argument to '-V' is missing (expected 1 value)
clang: error: no input files
configure:3887: $? = 1
configure:3876: g++ -qversion >&5
clang: error: unknown argument '-qversion'; did you mean '--version'?
clang: error: no input files
configure:3887: $? = 1
configure:3907: checking whether the C++ compiler works
configure:3929: g++    conftest.cpp  >&5
configure:3933: $? = 0
configure:3983: result: yes
configure:3986: checking for C++ compiler default output file name
configure:3988: result: a.out
configure:3994: checking for suffix of executables
configure:4001: g++ -o conftest    conftest.cpp  >&5
configure:4005: $? = 0
configure:4028: result: 
configure:4050: checking whether we are cross compiling
configure:4058: g++ -o conftest    conftest.cpp  >&5
configure:4062: $? = 0
configure:4069: ./conftest
configure:4073: $? = 0
configure:4088: result: no
configure:4093: checking for suffix of object files
configure:4116: g++ -c   conftest.cpp >&5
configure:4120: $? = 0
configure:4142: result: o
configure:4146: checking whether the compiler supports GNU C++
configure:4166: g++ -c   conftest.cpp >&5
configure:4166: $? = 0
configure:4176: result: yes
configure:4187: checking whether g++ accepts -g
configure:4208: g++ -c -g  conftest.cpp >&5
configure:4208: $? = 0
configure:4252: result: yes
configure:4272: checking for g++ option to enable C++11 features
configure:4287: g++  -c -g -O2  conftest.cpp >&5
conftest.cpp:57:3: error: "Compiler does not advertise C++11 conformance"
# error "Compiler does not advertise C++11 conformance"
  ^
conftest.cpp:62:3: error: unknown type name 'constexpr'
  constexpr int get_val() { return 20; }
  ^
conftest.cpp:74:17: error: delegating constructors are permitted only in C++11
    delegate(): delegate(2354) {}
                ^~~~~~~~
conftest.cpp:85:26: warning: 'override' keyword is a C++11 extension [-Wc++11-extensions]
    virtual int getval() override final { return this->n * 2; }
                         ^
conftest.cpp:85:35: warning: 'final' keyword is a C++11 extension [-Wc++11-extensions]
    virtual int getval() override final { return this->n * 2; }
                                  ^
conftest.cpp:92:16: warning: defaulted function definitions are a C++11 extension [-Wc++11-extensions]
    nocopy() = default;
               ^
conftest.cpp:93:29: warning: deleted function definitions are a C++11 extension [-Wc++11-extensions]
    nocopy(const nocopy&) = delete;
                            ^
conftest.cpp:94:41: warning: deleted function definitions are a C++11 extension [-Wc++11-extensions]
    nocopy & operator=(const nocopy&) = delete;
                                        ^
conftest.cpp:106:25: warning: 'auto' type specifier is a C++11 extension [-Wc++11-extensions]
  template <typename V> auto sum(V first) -> V
                        ^
conftest.cpp:106:25: error: 'auto' not allowed in function return type
  template <typename V> auto sum(V first) -> V
                        ^~~~
conftest.cpp:106:42: error: expected ';' at end of declaration
  template <typename V> auto sum(V first) -> V
                                         ^
                                         ;
conftest.cpp:106:43: error: cannot use arrow operator on a type
  template <typename V> auto sum(V first) -> V
                                          ^
conftest.cpp:110:33: warning: variadic templates are a C++11 extension [-Wc++11-extensions]
  template <typename V, typename... Args> auto sum(V first, Args... rest) -> V
                                ^
conftest.cpp:110:43: warning: 'auto' type specifier is a C++11 extension [-Wc++11-extensions]
  template <typename V, typename... Args> auto sum(V first, Args... rest) -> V
                                          ^
conftest.cpp:110:43: error: 'auto' not allowed in function return type
  template <typename V, typename... Args> auto sum(V first, Args... rest) -> V
                                          ^~~~
conftest.cpp:110:74: error: expected ';' at end of declaration
  template <typename V, typename... Args> auto sum(V first, Args... rest) -> V
                                                                         ^
                                                                         ;
conftest.cpp:110:75: error: cannot use arrow operator on a type
  template <typename V, typename... Args> auto sum(V first, Args... rest) -> V
                                                                          ^
conftest.cpp:134:3: warning: 'auto' type specifier is a C++11 extension [-Wc++11-extensions]
  auto a1 = 6538;
  ^
conftest.cpp:135:3: warning: 'auto' type specifier is a C++11 extension [-Wc++11-extensions]
  auto a2 = 48573953.4;
  ^
conftest.cpp:136:3: warning: 'auto' type specifier is a C++11 extension [-Wc++11-extensions]
  auto a3 = "String literal";
  ^
conftest.cpp:139:8: warning: 'auto' type specifier is a C++11 extension [-Wc++11-extensions]
  for (auto i = a3; *i; ++i) { total += *i; }
       ^
conftest.cpp:155:8: warning: 'auto' type specifier is a C++11 extension [-Wc++11-extensions]
  for (auto &x : array) { x += 23; }
       ^
conftest.cpp:155:16: warning: range-based for loop is a C++11 extension [-Wc++11-extensions]
  for (auto &x : array) { x += 23; }
               ^
conftest.cpp:160:17: error: expected expression
  assert (eval ([](int x) { return x*2; }, 21) == 42);
                ^
conftest.cpp:162:17: error: expected expression
  assert (eval ([&](double x) { return d += x; }, 3.0) == 5.0);
                ^
conftest.cpp:164:17: error: expected expression
  assert (eval ([=](double x) mutable { return d += x; }, 4.0) == 9.0);
                ^
conftest.cpp:170:3: warning: 'auto' type specifier is a C++11 extension [-Wc++11-extensions]
  auto a = sum(1);
  ^
conftest.cpp:170:12: error: no matching function for call to 'sum'
  auto a = sum(1);
           ^~~
conftest.cpp:171:3: warning: 'auto' type specifier is a C++11 extension [-Wc++11-extensions]
  auto b = sum(1, 2);
  ^
conftest.cpp:171:12: error: no matching function for call to 'sum'
  auto b = sum(1, 2);
           ^~~
conftest.cpp:172:3: warning: 'auto' type specifier is a C++11 extension [-Wc++11-extensions]
  auto c = sum(1.0, 2.0, 3.0);
  ^
conftest.cpp:172:12: error: no matching function for call to 'sum'
  auto c = sum(1.0, 2.0, 3.0);
           ^~~
conftest.cpp:177:25: warning: empty parentheses interpreted as a function declaration [-Wvexing-parse]
  cxx11test::delegate d2();
                        ^~
conftest.cpp:177:25: note: remove parentheses to declare a variable
  cxx11test::delegate d2();
                        ^~
conftest.cpp:190:16: error: found '<::' after a template name which forms the digraph '<:' (aka '[') and a ':', did you mean '< ::'?
  test_template<::test_template<int>> v(test_template<int>(12));
               ^~~
               < ::
conftest.cpp:190:36: error: a space is required between consecutive right angle brackets (use '> >')
  test_template<::test_template<int>> v(test_template<int>(12));
                                   ^~
                                   > >
conftest.cpp:194:22: error: use of undeclared identifier 'u8'
  char const *utf8 = u8"UTF-8 string \u2500";
                     ^
conftest.cpp:194:24: error: expected ';' at end of declaration
  char const *utf8 = u8"UTF-8 string \u2500";
                       ^
                       ;
fatal error: too many errors emitted, stopping now [-ferror-limit=]
18 warnings and 20 errors generated.
configure:4287: $? = 1
configure: failed program was:
| /* confdefs.h */
| #define PACKAGE_NAME "RtAudio"
| #define PACKAGE_TARNAME "rtaudio"
| #define PACKAGE_VERSION "5.2.0"
| #define PACKAGE_STRING "RtAudio 5.2.0"
| #define PACKAGE_BUGREPORT "gary.scavone@mcgill.ca"
| #define PACKAGE_URL ""
| #define PACKAGE "rtaudio"
| #define VERSION "5.2.0"
| /* end confdefs.h.  */
| 
| // Does the compiler advertise C++98 conformance?
| #if !defined __cplusplus || __cplusplus < 199711L
| # error "Compiler does not advertise C++98 conformance"
| #endif
| 
| // These inclusions are to reject old compilers that
| // lack the unsuffixed header files.
| #include <cstdlib>
| #include <exception>
| 
| // <cassert> and <cstring> are *not* freestanding headers in C++98.
| extern void assert (int);
| namespace std {
|   extern int strcmp (const char *, const char *);
| }
| 
| // Namespaces, exceptions, and templates were all added after "C++ 2.0".
| using std::exception;
| using std::strcmp;
| 
| namespace {
| 
| void test_exception_syntax()
| {
|   try {
|     throw "test";
|   } catch (const char *s) {
|     // Extra parentheses suppress a warning when building autoconf itself,
|     // due to lint rules shared with more typical C programs.
|     assert (!(strcmp) (s, "test"));
|   }
| }
| 
| template <typename T> struct test_template
| {
|   T const val;
|   explicit test_template(T t) : val(t) {}
|   template <typename U> T add(U u) { return static_cast<T>(u) + val; }
| };
| 
| } // anonymous namespace
| 
| 
| // Does the compiler advertise C++ 2011 conformance?
| #if !defined __cplusplus || __cplusplus < 201103L
| # error "Compiler does not advertise C++11 conformance"
| #endif
| 
| namespace cxx11test
| {
|   constexpr int get_val() { return 20; }
| 
|   struct testinit
|   {
|     int i;
|     double d;
|   };
| 
|   class delegate
|   {
|   public:
|     delegate(int n) : n(n) {}
|     delegate(): delegate(2354) {}
| 
|     virtual int getval() { return this->n; };
|   protected:
|     int n;
|   };
| 
|   class overridden : public delegate
|   {
|   public:
|     overridden(int n): delegate(n) {}
|     virtual int getval() override final { return this->n * 2; }
|   };
| 
|   class nocopy
|   {
|   public:
|     nocopy(int i): i(i) {}
|     nocopy() = default;
|     nocopy(const nocopy&) = delete;
|     nocopy & operator=(const nocopy&) = delete;
|   private:
|     int i;
|   };
| 
|   // for testing lambda expressions
|   template <typename Ret, typename Fn> Ret eval(Fn f, Ret v)
|   {
|     return f(v);
|   }
| 
|   // for testing variadic templates and trailing return types
|   template <typename V> auto sum(V first) -> V
|   {
|     return first;
|   }
|   template <typename V, typename... Args> auto sum(V first, Args... rest) -> V
|   {
|     return first + sum(rest...);
|   }
| }
| 
| 
| int
| main (int argc, char **argv)
| {
|   int ok = 0;
|   
|   assert (argc);
|   assert (! argv[0]);
| {
|   test_exception_syntax ();
|   test_template<double> tt (2.0);
|   assert (tt.add (4) == 6.0);
|   assert (true && !false);
| }
| 
|   
| {
|   // Test auto and decltype
|   auto a1 = 6538;
|   auto a2 = 48573953.4;
|   auto a3 = "String literal";
| 
|   int total = 0;
|   for (auto i = a3; *i; ++i) { total += *i; }
| 
|   decltype(a2) a4 = 34895.034;
| }
| {
|   // Test constexpr
|   short sa[cxx11test::get_val()] = { 0 };
| }
| {
|   // Test initializer lists
|   cxx11test::testinit il = { 4323, 435234.23544 };
| }
| {
|   // Test range-based for
|   int array[] = {9, 7, 13, 15, 4, 18, 12, 10, 5, 3,
|                  14, 19, 17, 8, 6, 20, 16, 2, 11, 1};
|   for (auto &x : array) { x += 23; }
| }
| {
|   // Test lambda expressions
|   using cxx11test::eval;
|   assert (eval ([](int x) { return x*2; }, 21) == 42);
|   double d = 2.0;
|   assert (eval ([&](double x) { return d += x; }, 3.0) == 5.0);
|   assert (d == 5.0);
|   assert (eval ([=](double x) mutable { return d += x; }, 4.0) == 9.0);
|   assert (d == 5.0);
| }
| {
|   // Test use of variadic templates
|   using cxx11test::sum;
|   auto a = sum(1);
|   auto b = sum(1, 2);
|   auto c = sum(1.0, 2.0, 3.0);
| }
| {
|   // Test constructor delegation
|   cxx11test::delegate d1;
|   cxx11test::delegate d2();
|   cxx11test::delegate d3(45);
| }
| {
|   // Test override and final
|   cxx11test::overridden o1(55464);
| }
| {
|   // Test nullptr
|   char *c = nullptr;
| }
| {
|   // Test template brackets
|   test_template<::test_template<int>> v(test_template<int>(12));
| }
| {
|   // Unicode literals
|   char const *utf8 = u8"UTF-8 string \u2500";
|   char16_t const *utf16 = u"UTF-8 string \u2500";
|   char32_t const *utf32 = U"UTF-32 string \u2500";
| }
| 
|   return ok;
| }
| 
configure:4305: result: none needed
configure:4371: checking dependency style of g++
configure:4483: result: gcc3
configure:4513: checking whether g++ supports C++11 features with -std=c++11
configure:4812: g++ -std=c++11 -c -g -O2  conftest.cpp >&5
configure:4812: $? = 0
configure:4822: result: yes
configure:4927: checking that version numbers are coherent
configure:4942: result: yes
configure:4948: checking whether to enable maintainer-specific portions of Makefiles
configure:4958: result: no
configure:4983: checking whether make supports nested variables
configure:5001: result: yes
configure:5152: checking for C++ compiler version
configure:5161: g++ -std=c++11 --version >&5
Apple clang version 13.0.0 (clang-1300.0.29.3)
Target: x86_64-apple-darwin20.6.0
Thread model: posix
InstalledDir: /Library/Developer/CommandLineTools/usr/bin
configure:5172: $? = 0
configure:5161: g++ -std=c++11 -v >&5
Apple clang version 13.0.0 (clang-1300.0.29.3)
Target: x86_64-apple-darwin20.6.0
Thread model: posix
InstalledDir: /Library/Developer/CommandLineTools/usr/bin
clang: warning: argument unused during compilation: '-std=c++11' [-Wunused-command-line-argument]
configure:5172: $? = 0
configure:5161: g++ -std=c++11 -V >&5
clang: error: argument to '-V' is missing (expected 1 value)
clang: error: no input files
configure:5172: $? = 1
configure:5161: g++ -std=c++11 -qversion >&5
clang: error: unknown argument '-qversion'; did you mean '--version'?
clang: error: no input files
configure:5172: $? = 1
configure:5176: checking whether the compiler supports GNU C++
configure:5206: result: yes
configure:5217: checking whether g++ -std=c++11 accepts -g
configure:5282: result: yes
configure:5302: checking for g++ -std=c++11 option to enable C++11 features
configure:5335: result: none needed
configure:5401: checking dependency style of g++ -std=c++11
configure:5513: result: gcc3
configure:5590: checking for gcc
configure:5611: found /usr/bin/gcc
configure:5622: result: gcc
configure:5975: checking for C compiler version
configure:5984: gcc --version >&5
Apple clang version 13.0.0 (clang-1300.0.29.3)
Target: x86_64-apple-darwin20.6.0
Thread model: posix
InstalledDir: /Library/Developer/CommandLineTools/usr/bin
Configured with: --prefix=/Library/Developer/CommandLineTools/usr --with-gxx-include-dir=/Library/Developer/CommandLineTools/SDKs/MacOSX.sdk/usr/include/c++/4.2.1
configure:5995: $? = 0
configure:5984: gcc -v >&5
Configured with: --prefix=/Library/Developer/CommandLineTools/usr --with-gxx-include-dir=/Library/Developer/CommandLineTools/SDKs/MacOSX.sdk/usr/include/c++/4.2.1
Apple clang version 13.0.0 (clang-1300.0.29.3)
Target: x86_64-apple-darwin20.6.0
Thread model: posix
InstalledDir: /Library/Developer/CommandLineTools/usr/bin
configure:5995: $? = 0
configure:5984: gcc -V >&5
clang: error: argument to '-V' is missing (expected 1 value)
clang: error: no input files
configure:5995: $? = 1
configure:5984: gcc -qversion >&5
clang: error: unknown argument '-qversion'; did you mean '--version'?
clang: error: no input files
configure:5995: $? = 1
configure:5984: gcc -version >&5
clang: error: unknown argument '-version'; did you mean '--version'?
clang: error: no input files
configure:5995: $? = 1
configure:5999: checking whether the compiler supports GNU C
configure:6019: gcc -c   conftest.c >&5
configure:6019: $? = 0
configure:6029: result: yes
configure:6040: checking whether gcc accepts -g
configure:6061: gcc -c -g  conftest.c >&5
configure:6061: $? = 0
configure:6105: result: yes
configure:6125: checking for gcc option to enable C11 features
configure:6140: gcc  -c -g -O2  conftest.c >&5
configure:6140: $? = 0
configure:6158: result: none needed
configure:6274: checking whether gcc understands -c and -o together
configure:6297: gcc -c conftest.c -o conftest2.o
configure:6300: $? = 0
configure:6297: gcc -c conftest.c -o conftest2.o
configure:6300: $? = 0
configure:6312: result: yes
configure:6331: checking dependency style of gcc
configure:6443: result: gcc3
configure:6514: checking for ar
configure:6535: found /usr/bin/ar
configure:6546: result: ar
configure:6572: checking the archiver (ar) interface
configure:6589: gcc -c -g -O2  conftest.c >&5
configure:6589: $? = 0
configure:6592: ar cru libconftest.a conftest.o >&5
configure:6595: $? = 0
configure:6623: result: ar
configure:6645: checking for ar
configure:6668: found /usr/bin/ar
configure:6681: result: /usr/bin/ar
configure:6729: checking build system type
configure:6744: result: x86_64-apple-darwin20.6.0
configure:6764: checking host system type
configure:6778: result: x86_64-apple-darwin20.6.0
configure:6819: checking how to print strings
configure:6846: result: printf
configure:6867: checking for a sed that does not truncate output
configure:6937: result: /usr/bin/sed
configure:6955: checking for grep that handles long lines and -e
configure:7019: result: /usr/bin/grep
configure:7024: checking for egrep
configure:7092: result: /usr/bin/grep -E
configure:7097: checking for fgrep
configure:7165: result: /usr/bin/grep -F
configure:7201: checking for ld used by gcc
configure:7269: result: /Library/Developer/CommandLineTools/usr/bin/ld
configure:7276: checking if the linker (/Library/Developer/CommandLineTools/usr/bin/ld) is GNU ld
configure:7292: result: no
configure:7304: checking for BSD- or MS-compatible name lister (nm)
configure:7359: result: /usr/bin/nm -B
configure:7499: checking the name lister (/usr/bin/nm -B) interface
configure:7507: gcc -c -g -O2  conftest.c >&5
configure:7510: /usr/bin/nm -B "conftest.o"
configure:7513: output
0000000000000238 S _some_variable
configure:7520: result: BSD nm
configure:7523: checking whether ln -s works
configure:7527: result: yes
configure:7535: checking the maximum length of command line arguments
configure:7667: result: 786432
configure:7715: checking how to convert x86_64-apple-darwin20.6.0 file names to x86_64-apple-darwin20.6.0 format
configure:7756: result: func_convert_file_noop
configure:7763: checking how to convert x86_64-apple-darwin20.6.0 file names to toolchain format
configure:7784: result: func_convert_file_noop
configure:7791: checking for /Library/Developer/CommandLineTools/usr/bin/ld option to reload object files
configure:7799: result: -r
configure:7878: checking for objdump
configure:7899: found /usr/bin/objdump
configure:7910: result: objdump
configure:7939: checking how to recognize dependent libraries
configure:8140: result: pass_all
configure:8230: checking for dlltool
configure:8265: result: no
configure:8292: checking how to associate runtime and link libraries
configure:8320: result: printf %s\n
configure:8454: checking for archiver @FILE support
configure:8472: gcc -c -g -O2  conftest.c >&5
configure:8472: $? = 0
configure:8476: /usr/bin/ar cru libconftest.a @conftest.lst >&5
ar: @conftest.lst: No such file or directory
configure:8479: $? = 1
configure:8499: result: no
configure:8562: checking for strip
configure:8583: found /usr/bin/strip
configure:8594: result: strip
configure:8671: checking for ranlib
configure:8692: found /usr/bin/ranlib
configure:8703: result: ranlib
configure:8805: checking command to parse /usr/bin/nm -B output from gcc object
configure:8959: gcc -c -g -O2  conftest.c >&5
configure:8962: $? = 0
configure:8966: /usr/bin/nm -B conftest.o \| sed -n -e 's/^.*[ ]\([BCDEGRST][BCDEGRST]*\)[ ][ ]*\([_A-Za-z][_A-Za-z0-9]*\)$/\1 \2 \2/p' | sed '/ __gnu_lto/d' \> conftest.nm
configure:8969: $? = 0
cannot find nm_test_var in conftest.nm
configure:8959: gcc -c -g -O2  conftest.c >&5
configure:8962: $? = 0
configure:8966: /usr/bin/nm -B conftest.o \| sed -n -e 's/^.*[ ]\([BCDEGRST][BCDEGRST]*\)[ ][ ]*_\([_A-Za-z][_A-Za-z0-9]*\)$/\1 _\2 \2/p' | sed '/ __gnu_lto/d' \> conftest.nm
configure:8969: $? = 0
configure:9035: gcc -o conftest -g -O2   conftest.c conftstm.o >&5
warning: (x86_64)  could not find object file symbol for symbol _main
configure:9038: $? = 0
configure:9076: result: ok
configure:9123: checking for sysroot
configure:9154: result: no
configure:9161: checking for a working dd
configure:9205: result: /bin/dd
configure:9209: checking how to truncate binary pipes
configure:9225: result: /bin/dd bs=4096 count=1
configure:9562: checking for mt
configure:9597: result: no
configure:9617: checking if : is a manifest tool
configure:9624: : '-?'
configure:9632: result: no
configure:9693: checking for dsymutil
configure:9714: found /usr/bin/dsymutil
configure:9725: result: dsymutil
configure:9795: checking for nmedit
configure:9816: found /usr/bin/nmedit
configure:9827: result: nmedit
configure:9897: checking for lipo
configure:9918: found /usr/bin/lipo
configure:9929: result: lipo
configure:9999: checking for otool
configure:10020: found /usr/bin/otool
configure:10031: result: otool
configure:10101: checking for otool64
configure:10136: result: no
configure:10181: checking for -single_module linker flag
gcc -g -O2  -o libconftest.dylib -dynamiclib -Wl,-single_module conftest.c
configure:10215: result: yes
configure:10218: checking for -exported_symbols_list linker flag
configure:10239: gcc -o conftest -g -O2   -Wl,-exported_symbols_list,conftest.sym conftest.c  >&5
configure:10239: $? = 0
configure:10250: result: yes
configure:10253: checking for -force_load linker flag
gcc -g -O2 -c -o conftest.o conftest.c
/usr/bin/ar cru libconftest.a conftest.o
ranlib libconftest.a
gcc -g -O2  -o conftest conftest.c -Wl,-force_load,./libconftest.a
configure:10286: result: yes
configure:10357: checking for stdio.h
configure:10357: gcc -c -g -O2  conftest.c >&5
configure:10357: $? = 0
configure:10357: result: yes
configure:10357: checking for stdlib.h
configure:10357: gcc -c -g -O2  conftest.c >&5
configure:10357: $? = 0
configure:10357: result: yes
configure:10357: checking for string.h
configure:10357: gcc -c -g -O2  conftest.c >&5
configure:10357: $? = 0
configure:10357: result: yes
configure:10357: checking for inttypes.h
configure:10357: gcc -c -g -O2  conftest.c >&5
configure:10357: $? = 0
configure:10357: result: yes
configure:10357: checking for stdint.h
configure:10357: gcc -c -g -O2  conftest.c >&5
configure:10357: $? = 0
configure:10357: result: yes
configure:10357: checking for strings.h
configure:10357: gcc -c -g -O2  conftest.c >&5
configure:10357: $? = 0
configure:10357: result: yes
configure:10357: checking for sys/stat.h
configure:10357: gcc -c -g -O2  conftest.c >&5
configure:10357: $? = 0
configure:10357: result: yes
configure:10357: checking for sys/types.h
configure:10357: gcc -c -g -O2  conftest.c >&5
configure:10357: $? = 0
configure:10357: result: yes
configure:10357: checking for unistd.h
configure:10357: gcc -c -g -O2  conftest.c >&5
configure:10357: $? = 0
configure:10357: result: yes
configure:10382: checking for dlfcn.h
configure:10382: gcc -c -g -O2  conftest.c >&5
configure:10382: $? = 0
configure:10382: result: yes
configure:10979: checking for objdir
configure:10995: result: .libs
configure:11259: checking if gcc supports -fno-rtti -fno-exceptions
configure:11278: gcc -c -g -O2  -fno-rtti -fno-exceptions conftest.c >&5
configure:11282: $? = 0
configure:11295: result: yes
configure:11653: checking for gcc option to produce PIC
configure:11661: result: -fno-common -DPIC
configure:11669: checking if gcc PIC flag -fno-common -DPIC works
configure:11688: gcc -c -g -O2  -fno-common -DPIC -DPIC conftest.c >&5
configure:11692: $? = 0
configure:11705: result: yes
configure:11734: checking if gcc static flag -static works
configure:11763: result: no
configure:11778: checking if gcc supports -c -o file.o
configure:11800: gcc -c -g -O2  -o out/conftest2.o conftest.c >&5
configure:11804: $? = 0
configure:11826: result: yes
configure:11834: checking if gcc supports -c -o file.o
configure:11882: result: yes
configure:11915: checking whether the gcc linker (/Library/Developer/CommandLineTools/usr/bin/ld) supports shared libraries
configure:13181: result: yes
configure:13422: checking dynamic linker characteristics
configure:14243: result: darwin20.6.0 dyld
configure:14365: checking how to hardcode library paths into programs
configure:14390: result: immediate
configure:14942: checking whether stripping libraries is possible
configure:14956: result: yes
configure:14982: checking if libtool supports shared libraries
configure:14984: result: yes
configure:14987: checking whether to build shared libraries
configure:15012: result: yes
configure:15015: checking whether to build static libraries
configure:15019: result: yes
configure:15042: checking how to run the C++ preprocessor
configure:15064: g++ -std=c++11 -E  conftest.cpp
configure:15064: $? = 0
configure:15079: g++ -std=c++11 -E  conftest.cpp
conftest.cpp:24:10: fatal error: 'ac_nonexistent.h' file not found
#include <ac_nonexistent.h>
         ^~~~~~~~~~~~~~~~~~
1 error generated.
configure:15079: $? = 1
configure: failed program was:
| /* confdefs.h */
| #define PACKAGE_NAME "RtAudio"
| #define PACKAGE_TARNAME "rtaudio"
| #define PACKAGE_VERSION "5.2.0"
| #define PACKAGE_STRING "RtAudio 5.2.0"
| #define PACKAGE_BUGREPORT "gary.scavone@mcgill.ca"
| #define PACKAGE_URL ""
| #define PACKAGE "rtaudio"
| #define VERSION "5.2.0"
| #define HAVE_CXX11 1
| #define HAVE_STDIO_H 1
| #define HAVE_STDLIB_H 1
| #define HAVE_STRING_H 1
| #define HAVE_INTTYPES_H 1
| #define HAVE_STDINT_H 1
| #define HAVE_STRINGS_H 1
| #define HAVE_SYS_STAT_H 1
| #define HAVE_SYS_TYPES_H 1
| #define HAVE_UNISTD_H 1
| #define STDC_HEADERS 1
| #define HAVE_DLFCN_H 1
| #define LT_OBJDIR ".libs/"
| /* end confdefs.h.  */
| #include <ac_nonexistent.h>
configure:15106: result: g++ -std=c++11 -E
configure:15120: g++ -std=c++11 -E  conftest.cpp
configure:15120: $? = 0
configure:15135: g++ -std=c++11 -E  conftest.cpp
conftest.cpp:24:10: fatal error: 'ac_nonexistent.h' file not found
#include <ac_nonexistent.h>
         ^~~~~~~~~~~~~~~~~~
1 error generated.
configure:15135: $? = 1
configure: failed program was:
| /* confdefs.h */
| #define PACKAGE_NAME "RtAudio"
| #define PACKAGE_TARNAME "rtaudio"
| #define PACKAGE_VERSION "5.2.0"
| #define PACKAGE_STRING "RtAudio 5.2.0"
| #define PACKAGE_BUGREPORT "gary.scavone@mcgill.ca"
| #define PACKAGE_URL ""
| #define PACKAGE "rtaudio"
| #define VERSION "5.2.0"
| #define HAVE_CXX11 1
| #define HAVE_STDIO_H 1
| #define HAVE_STDLIB_H 1
| #define HAVE_STRING_H 1
| #define HAVE_INTTYPES_H 1
| #define HAVE_STDINT_H 1
| #define HAVE_STRINGS_H 1
| #define HAVE_SYS_STAT_H 1
| #define HAVE_SYS_TYPES_H 1
| #define HAVE_UNISTD_H 1
| #define STDC_HEADERS 1
| #define HAVE_DLFCN_H 1
| #define LT_OBJDIR ".libs/"
| /* end confdefs.h.  */
| #include <ac_nonexistent.h>
configure:15300: checking for ld used by g++ -std=c++11
configure:15368: result: /Library/Developer/CommandLineTools/usr/bin/ld
configure:15375: checking if the linker (/Library/Developer/CommandLineTools/usr/bin/ld) is GNU ld
configure:15391: result: no
configure:15446: checking whether the g++ -std=c++11 linker (/Library/Developer/CommandLineTools/usr/bin/ld) supports shared libraries
configure:16523: result: yes
configure:16559: g++ -std=c++11 -c -g -O2  conftest.cpp >&5
configure:16562: $? = 0
configure:17043: checking for g++ -std=c++11 option to produce PIC
configure:17051: result: -fno-common -DPIC
configure:17059: checking if g++ -std=c++11 PIC flag -fno-common -DPIC works
configure:17078: g++ -std=c++11 -c -g -O2  -fno-common -DPIC -DPIC conftest.cpp >&5
configure:17082: $? = 0
configure:17095: result: yes
configure:17118: checking if g++ -std=c++11 static flag -static works
configure:17147: result: no
configure:17159: checking if g++ -std=c++11 supports -c -o file.o
configure:17181: g++ -std=c++11 -c -g -O2  -o out/conftest2.o conftest.cpp >&5
configure:17185: $? = 0
configure:17207: result: yes
configure:17212: checking if g++ -std=c++11 supports -c -o file.o
configure:17260: result: yes
configure:17290: checking whether the g++ -std=c++11 linker (/Library/Developer/CommandLineTools/usr/bin/ld) supports shared libraries
configure:17330: result: yes
configure:17472: checking dynamic linker characteristics
configure:18220: result: darwin20.6.0 dyld
configure:18285: checking how to hardcode library paths into programs
configure:18310: result: immediate
configure:18377: checking for egrep
configure:18445: result: /usr/bin/grep -E
configure:18451: checking for sys/ioctl.h
configure:18451: gcc -c -g -O2  conftest.c >&5
configure:18451: $? = 0
configure:18451: result: yes
configure:18457: checking for unistd.h
configure:18457: result: yes
configure:18486: checking whether to compile debug version
configure:18507: result: no
configure:18532: checking for gettimeofday
configure:18532: gcc -o conftest -g -O2   conftest.c  >&5
configure:18532: $? = 0
configure:18532: result: yes
configure:18542: checking for doxygen
configure:18577: result: no
configure:18887: checking for gcc options needed to detect all undeclared functions
configure:18909: gcc -c -g -O2   conftest.c >&5
conftest.c:30:8: error: implicitly declaring library function 'strchr' with type 'char *(const char *, int)' [-Werror,-Wimplicit-function-declaration]
(void) strchr;
       ^
conftest.c:30:8: note: include the header <string.h> or explicitly provide a declaration for 'strchr'
1 error generated.
configure:18909: $? = 1
configure: failed program was:
| /* confdefs.h */
| #define PACKAGE_NAME "RtAudio"
| #define PACKAGE_TARNAME "rtaudio"
| #define PACKAGE_VERSION "5.2.0"
| #define PACKAGE_STRING "RtAudio 5.2.0"
| #define PACKAGE_BUGREPORT "gary.scavone@mcgill.ca"
| #define PACKAGE_URL ""
| #define PACKAGE "rtaudio"
| #define VERSION "5.2.0"
| #define HAVE_CXX11 1
| #define HAVE_STDIO_H 1
| #define HAVE_STDLIB_H 1
| #define HAVE_STRING_H 1
| #define HAVE_INTTYPES_H 1
| #define HAVE_STDINT_H 1
| #define HAVE_STRINGS_H 1
| #define HAVE_SYS_STAT_H 1
| #define HAVE_SYS_TYPES_H 1
| #define HAVE_UNISTD_H 1
| #define STDC_HEADERS 1
| #define HAVE_DLFCN_H 1
| #define LT_OBJDIR ".libs/"
| #define HAVE_SYS_IOCTL_H 1
| #define HAVE_UNISTD_H 1
| /* end confdefs.h.  */
| 
| int
| main (void)
| {
| (void) strchr;
|   ;
|   return 0;
| }
configure:18936: gcc -c -g -O2   conftest.c >&5
configure:18936: $? = 0
configure:18953: result: none needed
configure:19056: checking for jack_client_open in -ljack
configure:19079: gcc -o conftest -g -O2   conftest.c -ljack   >&5
ld: library not found for -ljack
clang: error: linker command failed with exit code 1 (use -v to see invocation)
configure:19079: $? = 1
configure: failed program was:
| /* confdefs.h */
| #define PACKAGE_NAME "RtAudio"
| #define PACKAGE_TARNAME "rtaudio"
| #define PACKAGE_VERSION "5.2.0"
| #define PACKAGE_STRING "RtAudio 5.2.0"
| #define PACKAGE_BUGREPORT "gary.scavone@mcgill.ca"
| #define PACKAGE_URL ""
| #define PACKAGE "rtaudio"
| #define VERSION "5.2.0"
| #define HAVE_CXX11 1
| #define HAVE_STDIO_H 1
| #define HAVE_STDLIB_H 1
| #define HAVE_STRING_H 1
| #define HAVE_INTTYPES_H 1
| #define HAVE_STDINT_H 1
| #define HAVE_STRINGS_H 1
| #define HAVE_SYS_STAT_H 1
| #define HAVE_SYS_TYPES_H 1
| #define HAVE_UNISTD_H 1
| #define STDC_HEADERS 1
| #define HAVE_DLFCN_H 1
| #define LT_OBJDIR ".libs/"
| #define HAVE_SYS_IOCTL_H 1
| #define HAVE_UNISTD_H 1
| /* end confdefs.h.  */
| 
| /* Override any GCC internal prototype to avoid an error.
|    Use char because int might match the return type of a GCC
|    builtin and then its argument prototype would still apply.  */
| char jack_client_open ();
| int
| main (void)
| {
| return jack_client_open ();
|   ;
|   return 0;
| }
configure:19089: result: no
configure:19115: checking for CoreAudio/CoreAudio.h
configure:19115: gcc -c -g -O2  conftest.c >&5
configure:19115: $? = 0
configure:19115: result: yes
configure:19265: checking for pthread
configure:19267: checking for pthread_create in -lpthread
configure:19290: gcc -o conftest -g -O2   conftest.c -lpthread   -framework CoreAudio -framework CoreFoundation >&5
configure:19290: $? = 0
configure:19300: result: yes
configure:19314: checking for audio API
configure:19327: result:  CoreAudio,
configure:19488: checking that generated files are newer than configure
configure:19494: result: done
configure:19537: creating ./config.status

## ---------------------- ##
## Running config.status. ##
## ---------------------- ##

This file was extended by RtAudio config.status 5.2.0, which was
generated by GNU Autoconf 2.71.  Invocation command line was

  CONFIG_FILES    = 
  CONFIG_HEADERS  = 
  CONFIG_LINKS    = 
  CONFIG_COMMANDS = 
  $ ./config.status 

on MacBook-Pro-de-Julien.local

config.status:1104: creating rtaudio.pc
config.status:1104: creating Makefile
config.status:1104: creating tests/Makefile
config.status:1104: creating doc/Makefile
config.status:1104: creating doc/Doxyfile
config.status:1307: executing depfiles commands
config.status:1384: cd .       && sed -e '/# am--include-marker/d' Makefile         | make -f - am--depfiles
make: Nothing to be done for `am--depfiles'.
config.status:1389: $? = 0
config.status:1384: cd tests       && sed -e '/# am--include-marker/d' Makefile         | make -f - am--depfiles
make: Nothing to be done for `am--depfiles'.
config.status:1389: $? = 0
config.status:1307: executing libtool commands

## ---------------- ##
## Cache variables. ##
## ---------------- ##

ac_cv_build=x86_64-apple-darwin20.6.0
ac_cv_c_compiler_gnu=yes
ac_cv_c_undeclared_builtin_options='none needed'
ac_cv_cxx_compiler_gnu=yes
ac_cv_env_CCC_set=
ac_cv_env_CCC_value=
ac_cv_env_CC_set=
ac_cv_env_CC_value=
ac_cv_env_CFLAGS_set=
ac_cv_env_CFLAGS_value=
ac_cv_env_CPPFLAGS_set=
ac_cv_env_CPPFLAGS_value=
ac_cv_env_CXXCPP_set=
ac_cv_env_CXXCPP_value=
ac_cv_env_CXXFLAGS_set=
ac_cv_env_CXXFLAGS_value=
ac_cv_env_CXX_set=
ac_cv_env_CXX_value=
ac_cv_env_LDFLAGS_set=
ac_cv_env_LDFLAGS_value=
ac_cv_env_LIBS_set=
ac_cv_env_LIBS_value=
ac_cv_env_LT_SYS_LIBRARY_PATH_set=
ac_cv_env_LT_SYS_LIBRARY_PATH_value=
ac_cv_env_build_alias_set=
ac_cv_env_build_alias_value=
ac_cv_env_host_alias_set=
ac_cv_env_host_alias_value=
ac_cv_env_target_alias_set=
ac_cv_env_target_alias_value=
ac_cv_func_gettimeofday=yes
ac_cv_header_CoreAudio_CoreAudio_h=yes
ac_cv_header_dlfcn_h=yes
ac_cv_header_inttypes_h=yes
ac_cv_header_stdint_h=yes
ac_cv_header_stdio_h=yes
ac_cv_header_stdlib_h=yes
ac_cv_header_string_h=yes
ac_cv_header_strings_h=yes
ac_cv_header_sys_ioctl_h=yes
ac_cv_header_sys_stat_h=yes
ac_cv_header_sys_types_h=yes
ac_cv_header_unistd_h=yes
ac_cv_host=x86_64-apple-darwin20.6.0
ac_cv_lib_jack_jack_client_open=no
ac_cv_lib_pthread_pthread_create=yes
ac_cv_objext=o
ac_cv_path_AR=/usr/bin/ar
ac_cv_path_EGREP='/usr/bin/grep -E'
ac_cv_path_FGREP='/usr/bin/grep -F'
ac_cv_path_GREP=/usr/bin/grep
ac_cv_path_SED=/usr/bin/sed
ac_cv_path_install='/usr/bin/install -c'
ac_cv_path_lt_DD=/bin/dd
ac_cv_prog_AWK=awk
ac_cv_prog_CXXCPP='g++ -std=c++11 -E'
ac_cv_prog_ac_ct_AR=ar
ac_cv_prog_ac_ct_CC=gcc
ac_cv_prog_ac_ct_CXX=g++
ac_cv_prog_ac_ct_DSYMUTIL=dsymutil
ac_cv_prog_ac_ct_LIPO=lipo
ac_cv_prog_ac_ct_NMEDIT=nmedit
ac_cv_prog_ac_ct_OBJDUMP=objdump
ac_cv_prog_ac_ct_OTOOL=otool
ac_cv_prog_ac_ct_RANLIB=ranlib
ac_cv_prog_ac_ct_STRIP=strip
ac_cv_prog_cc_c11=
ac_cv_prog_cc_g=yes
ac_cv_prog_cc_stdc=
ac_cv_prog_cxx_11=no
ac_cv_prog_cxx_g=yes
ac_cv_prog_cxx_stdcxx=
ac_cv_prog_make_make_set=yes
am_cv_CC_dependencies_compiler_type=gcc3
am_cv_CXX_dependencies_compiler_type=gcc3
am_cv_ar_interface=ar
am_cv_make_support_nested_variables=yes
am_cv_prog_cc_c_o=yes
ax_cv_cxx_compile_cxx11__std_cpp11=yes
lt_cv_apple_cc_single_mod=yes
lt_cv_ar_at_file=no
lt_cv_deplibs_check_method=pass_all
lt_cv_file_magic_cmd='$MAGIC_CMD'
lt_cv_file_magic_test_file=
lt_cv_ld_exported_symbols_list=yes
lt_cv_ld_force_load=yes
lt_cv_ld_reload_flag=-r
lt_cv_nm_interface='BSD nm'
lt_cv_objdir=.libs
lt_cv_path_LD=/Library/Developer/CommandLineTools/usr/bin/ld
lt_cv_path_LDCXX=/Library/Developer/CommandLineTools/usr/bin/ld
lt_cv_path_NM='/usr/bin/nm -B'
lt_cv_path_mainfest_tool=no
lt_cv_prog_compiler_c_o=yes
lt_cv_prog_compiler_c_o_CXX=yes
lt_cv_prog_compiler_pic='-fno-common -DPIC'
lt_cv_prog_compiler_pic_CXX='-fno-common -DPIC'
lt_cv_prog_compiler_pic_works=yes
lt_cv_prog_compiler_pic_works_CXX=yes
lt_cv_prog_compiler_rtti_exceptions=yes
lt_cv_prog_compiler_static_works=no
lt_cv_prog_compiler_static_works_CXX=no
lt_cv_prog_gnu_ld=no
lt_cv_prog_gnu_ldcxx=no
lt_cv_sharedlib_from_linklib_cmd='printf %s\n'
lt_cv_sys_global_symbol_pipe='sed -n -e '\''s/^.*[	 ]\([BCDEGRST][BCDEGRST]*\)[	 ][	 ]*_\([_A-Za-z][_A-Za-z0-9]*\)$/\1 _\2 \2/p'\'' | sed '\''/ __gnu_lto/d'\'''
lt_cv_sys_global_symbol_to_c_name_address='sed -n -e '\''s/^: \(.*\) .*$/  {"\1", (void *) 0},/p'\'' -e '\''s/^[BCDEGRST][BCDEGRST]* .* \(.*\)$/  {"\1", (void *) \&\1},/p'\'''
lt_cv_sys_global_symbol_to_c_name_address_lib_prefix='sed -n -e '\''s/^: \(.*\) .*$/  {"\1", (void *) 0},/p'\'' -e '\''s/^[BCDEGRST][BCDEGRST]* .* \(lib.*\)$/  {"\1", (void *) \&\1},/p'\'' -e '\''s/^[BCDEGRST][BCDEGRST]* .* \(.*\)$/  {"lib\1", (void *) \&\1},/p'\'''
lt_cv_sys_global_symbol_to_cdecl='sed -n -e '\''s/^T .* \(.*\)$/extern int \1();/p'\'' -e '\''s/^[BCDEGRST][BCDEGRST]* .* \(.*\)$/extern char \1;/p'\'''
lt_cv_sys_global_symbol_to_import=
lt_cv_sys_max_cmd_len=786432
lt_cv_to_host_file_cmd=func_convert_file_noop
lt_cv_to_tool_file_cmd=func_convert_file_noop
lt_cv_truncate_bin='/bin/dd bs=4096 count=1'

## ----------------- ##
## Output variables. ##
## ----------------- ##

ACLOCAL='${SHELL} '\''/Users/julienwalther/Documents/3A/Temps_Reel/rtaudio-5.2.0/config/missing'\'' aclocal-1.16'
AMDEPBACKSLASH='\'
AMDEP_FALSE='#'
AMDEP_TRUE=''
AMTAR='$${TAR-tar}'
AM_BACKSLASH='\'
AM_DEFAULT_V='$(AM_DEFAULT_VERBOSITY)'
AM_DEFAULT_VERBOSITY='0'
AM_V='$(V)'
AR='/usr/bin/ar'
AS='as'
ASIO_FALSE=''
ASIO_TRUE='#'
AUTOCONF='${SHELL} '\''/Users/julienwalther/Documents/3A/Temps_Reel/rtaudio-5.2.0/config/missing'\'' autoconf'
AUTOHEADER='${SHELL} '\''/Users/julienwalther/Documents/3A/Temps_Reel/rtaudio-5.2.0/config/missing'\'' autoheader'
AUTOMAKE='${SHELL} '\''/Users/julienwalther/Documents/3A/Temps_Reel/rtaudio-5.2.0/config/missing'\'' automake-1.16'
AWK='awk'
CC='gcc'
CCDEPMODE='depmode=gcc3'
CFLAGS='-g -O2'
CPPFLAGS='  -D__MACOSX_CORE__'
CSCOPE='cscope'
CTAGS='ctags'
CXX='g++ -std=c++11'
CXXCPP='g++ -std=c++11 -E'
CXXDEPMODE='depmode=gcc3'
CXXFLAGS='-Wall -Wextra -g -O2'
CYGPATH_W='echo'
DEFS='-DPACKAGE_NAME=\"RtAudio\" -DPACKAGE_TARNAME=\"rtaudio\" -DPACKAGE_VERSION=\"5.2.0\" -DPACKAGE_STRING=\"RtAudio\ 5.2.0\" -DPACKAGE_BUGREPORT=\"gary.scavone@mcgill.ca\" -DPACKAGE_URL=\"\" -DPACKAGE=\"rtaudio\" -DVERSION=\"5.2.0\" -DHAVE_CXX11=1 -DHAVE_STDIO_H=1 -DHAVE_STDLIB_H=1 -DHAVE_STRING_H=1 -DHAVE_INTTYPES_H=1 -DHAVE_STDINT_H=1 -DHAVE_STRINGS_H=1 -DHAVE_SYS_STAT_H=1 -DHAVE_SYS_TYPES_H=1 -DHAVE_UNISTD_H=1 -DSTDC_HEADERS=1 -DHAVE_DLFCN_H=1 -DLT_OBJDIR=\".libs/\" -DHAVE_SYS_IOCTL_H=1 -DHAVE_UNISTD_H=1 -DHAVE_LIBPTHREAD=1'
DEPDIR='.deps'
DLLTOOL='false'
DOXYGEN=''
DSYMUTIL='dsymutil'
DUMPBIN=''
ECHO_C='\c'
ECHO_N=''
ECHO_T=''
EGREP='/usr/bin/grep -E'
ETAGS='etags'
EXEEXT=''
FGREP='/usr/bin/grep -F'
GREP='/usr/bin/grep'
HAVE_CXX11='1'
INSTALL_DATA='${INSTALL} -m 644'
INSTALL_PROGRAM='${INSTALL}'
INSTALL_SCRIPT='${INSTALL}'
INSTALL_STRIP_PROGRAM='$(install_sh) -c -s'
LD='/Library/Developer/CommandLineTools/usr/bin/ld'
LDFLAGS=''
LIBOBJS=''
LIBS='-lpthread  -framework CoreAudio -framework CoreFoundation'
LIBTOOL='$(SHELL) $(top_builddir)/libtool'
LIPO='lipo'
LN_S='ln -s'
LTLIBOBJS=''
LT_SYS_LIBRARY_PATH=''
MAINT='#'
MAINTAINER_MODE_FALSE=''
MAINTAINER_MODE_TRUE='#'
MAKEINFO='${SHELL} '\''/Users/julienwalther/Documents/3A/Temps_Reel/rtaudio-5.2.0/config/missing'\'' makeinfo'
MAKE_DOC_FALSE=''
MAKE_DOC_TRUE='#'
MANIFEST_TOOL=':'
MKDIR_P='./config/install-sh -c -d'
NM='/usr/bin/nm -B'
NMEDIT='nmedit'
OBJDUMP='objdump'
OBJEXT='o'
OTOOL64=':'
OTOOL='otool'
PACKAGE='rtaudio'
PACKAGE_BUGREPORT='gary.scavone@mcgill.ca'
PACKAGE_NAME='RtAudio'
PACKAGE_STRING='RtAudio 5.2.0'
PACKAGE_TARNAME='rtaudio'
PACKAGE_URL=''
PACKAGE_VERSION='5.2.0'
PATH_SEPARATOR=':'
RANLIB='ranlib'
SED='/usr/bin/sed'
SET_MAKE=''
SHELL='/bin/sh'
SO_VERSION='6:2:0'
STRIP='strip'
VERSION='5.2.0'
ac_ct_AR='ar'
ac_ct_CC='gcc'
ac_ct_CXX='g++'
ac_ct_DUMPBIN=''
am__EXEEXT_FALSE=''
am__EXEEXT_TRUE='#'
am__fastdepCC_FALSE='#'
am__fastdepCC_TRUE=''
am__fastdepCXX_FALSE='#'
am__fastdepCXX_TRUE=''
am__include='include'
am__isrc=''
am__leading_dot='.'
am__nodep='_no'
am__quote=''
am__tar='$${TAR-tar} chof - "$$tardir"'
am__untar='$${TAR-tar} xf -'
api=' -D__MACOSX_CORE__'
bindir='${exec_prefix}/bin'
build='x86_64-apple-darwin20.6.0'
build_alias=''
build_cpu='x86_64'
build_os='darwin20.6.0'
build_vendor='apple'
datadir='${datarootdir}'
datarootdir='${prefix}/share'
docdir='${datarootdir}/doc/${PACKAGE_TARNAME}'
dvidir='${docdir}'
exec_prefix='${prefix}'
host='x86_64-apple-darwin20.6.0'
host_alias=''
host_cpu='x86_64'
host_os='darwin20.6.0'
host_vendor='apple'
htmldir='${docdir}'
includedir='${prefix}/include'
infodir='${datarootdir}/info'
install_sh='${SHELL} /Users/julienwalther/Documents/3A/Temps_Reel/rtaudio-5.2.0/config/install-sh'
libdir='${exec_prefix}/lib'
libexecdir='${exec_prefix}/libexec'
localedir='${datarootdir}/locale'
localstatedir='${prefix}/var'
mandir='${datarootdir}/man'
mkdir_p='$(MKDIR_P)'
oldincludedir='/usr/include'
pdfdir='${docdir}'
prefix='/usr/local'
program_transform_name='s,x,x,'
psdir='${docdir}'
req=''
req_libs=' -framework CoreAudio -framework CoreFoundation'
runstatedir='${localstatedir}/run'
sbindir='${exec_prefix}/sbin'
sharedstatedir='${prefix}/com'
sysconfdir='${prefix}/etc'
target_alias=''
visibility='-fvisibility=hidden'

## ----------- ##
## confdefs.h. ##
## ----------- ##

/* confdefs.h */
#define PACKAGE_NAME "RtAudio"
#define PACKAGE_TARNAME "rtaudio"
#define PACKAGE_VERSION "5.2.0"
#define PACKAGE_STRING "RtAudio 5.2.0"
#define PACKAGE_BUGREPORT "gary.scavone@mcgill.ca"
#define PACKAGE_URL ""
#define PACKAGE "rtaudio"
#define VERSION "5.2.0"
#define HAVE_CXX11 1
#define HAVE_STDIO_H 1
#define HAVE_STDLIB_H 1
#define HAVE_STRING_H 1
#define HAVE_INTTYPES_H 1
#define HAVE_STDINT_H 1
#define HAVE_STRINGS_H 1
#define HAVE_SYS_STAT_H 1
#define HAVE_SYS_TYPES_H 1
#define HAVE_UNISTD_H 1
#define STDC_HEADERS 1
#define HAVE_DLFCN_H 1
#define LT_OBJDIR ".libs/"
#define HAVE_SYS_IOCTL_H 1
#define HAVE_UNISTD_H 1
#define HAVE_LIBPTHREAD 1

configure: exit 0
